<component name="libraryTable">
  <library name="junit-4.0">
    <CLASSES>
      <root url="jar://$PROJECT_DIR$/web/WEB-INF/lib/junit-4.0 (1).jar!/" />
    </CLASSES>
    <JAVADOC />
    <SOURCES />
  </library>
</component>